[ SESSION] ~> [log_alert]: start session
[ SESSION] ~> [log_alert]: config: ipv6_deprecated_ version: 1.2.0.0 revision: 62cdec8
[ SESSION] ~> [log_alert]:    max connections: 188
[ SESSION] ~> [log_alert]:    max files: 256
[ SESSION] ~> [log_alert]:  generated peer ID: 
[ SESSION] ~> [log_alert]:  *** session thread init
[ SESSION] ~> [log_alert]: session stats header: peer.error_peers, peer.disconnected_peers, peer.eof_peers, peer.connreset_peers, peer.connrefused_peers, peer.connaborted_peers, peer.notconnected_peers, peer.perm_peers, peer.buffer_peers, peer.unreachable_peers, peer.broken_pipe_peers, peer.addrinuse_peers, peer.no_access_peers, peer.invalid_arg_peers, peer.aborted_peers, peer.piece_requests, peer.max_piece_requests, peer.invalid_piece_requests, peer.choked_piece_requests, peer.cancelled_piece_requests, peer.piece_rejects, peer.error_incoming_peers, peer.error_outgoing_peers, peer.error_rc4_peers, peer.error_encrypted_peers, peer.error_tcp_peers, peer.error_utp_peers, picker.reject_piece_picks, picker.unchoke_piece_picks, picker.incoming_redundant_piece_picks, picker.incoming_piece_picks, picker.end_game_piece_picks, picker.snubbed_piece_picks, picker.interesting_piece_picks, picker.hash_fail_piece_picks, picker.piece_picker_partial_loops, picker.piece_picker_suggest_loops, picker.piece_picker_sequential_loops, picker.piece_picker_reverse_rare_loops, picker.piece_picker_rare_loops, picker.piece_picker_rand_start_loops, picker.piece_picker_rand_loops, picker.piece_picker_busy_loops, peer.connect_timeouts, peer.uninteresting_peers, peer.timeout_peers, peer.no_memory_peers, peer.too_many_peers, peer.transport_timeout_peers, peer.num_banned_peers, peer.banned_for_hash_failure, peer.connection_attempts, peer.connection_attempt_loops, peer.incoming_connections, net.on_read_counter, net.on_write_counter, net.on_tick_counter, net.on_lsd_counter, net.on_lsd_peer_counter, net.on_udp_counter, net.on_accept_counter, net.on_disk_queue_counter, net.on_disk_counter, ses.torrent_evicted_counter, ses.num_incoming_choke, ses.num_incoming_unchoke, ses.num_incoming_interested, ses.num_incoming_not_interested, ses.num_incoming_have, ses.num_incoming_bitfield, ses.num_incoming_request, ses.num_incoming_piece, ses.num_incoming_cancel, ses.num_incoming_dht_port, ses.num_incoming_suggest, ses.num_incoming_have_all, ses.num_incoming_have_none, ses.num_incoming_reject, ses.num_incoming_allowed_fast, ses.num_incoming_ext_handshake, ses.num_incoming_pex, ses.num_incoming_metadata, ses.num_incoming_extended, ses.num_outgoing_choke, ses.num_outgoing_unchoke, ses.num_outgoing_interested, ses.num_outgoing_not_interested, ses.num_outgoing_have, ses.num_outgoing_bitfield, ses.num_outgoing_request, ses.num_outgoing_piece, ses.num_outgoing_cancel, ses.num_outgoing_dht_port, ses.num_outgoing_suggest, ses.num_outgoing_have_all, ses.num_outgoing_have_none, ses.num_outgoing_reject, ses.num_outgoing_allowed_fast, ses.num_outgoing_ext_handshake, ses.num_outgoing_pex, ses.num_outgoing_metadata, ses.num_outgoing_extended, ses.num_piece_passed, ses.num_piece_failed, ses.num_have_pieces, ses.num_total_pieces_added, disk.num_blocks_written, disk.num_blocks_read, disk.num_blocks_hashed, disk.num_blocks_cache_hits, disk.num_write_ops, disk.num_read_ops, disk.num_read_back, disk.disk_read_time, disk.disk_write_time, disk.disk_hash_time, disk.disk_job_time, ses.waste_piece_timed_out, ses.waste_piece_cancelled, ses.waste_piece_unknown, ses.waste_piece_seed, ses.waste_piece_end_game, ses.waste_piece_closing, net.sent_payload_bytes, net.sent_bytes, net.sent_ip_overhead_bytes, net.sent_tracker_bytes, net.recv_payload_bytes, net.recv_bytes, net.recv_ip_overhead_bytes, net.recv_tracker_bytes, net.recv_failed_bytes, net.recv_redundant_bytes, dht.dht_messages_in, dht.dht_messages_in_dropped, dht.dht_messages_out, dht.dht_messages_out_dropped, dht.dht_bytes_in, dht.dht_bytes_out, dht.dht_ping_in, dht.dht_ping_out, dht.dht_find_node_in, dht.dht_find_node_out, dht.dht_get_peers_in, dht.dht_get_peers_out, dht.dht_announce_peer_in, dht.dht_announce_peer_out, dht.dht_get_in, dht.dht_get_out, dht.dht_put_in, dht.dht_put_out, dht.dht_invalid_announce, dht.dht_invalid_get_peers, dht.dht_invalid_put, dht.dht_invalid_get, utp.utp_packet_loss, utp.utp_timeout, utp.utp_packets_in, utp.utp_packets_out, utp.utp_fast_retransmit, utp.utp_packet_resend, utp.utp_samples_above_target, utp.utp_samples_below_target, utp.utp_payload_pkts_in, utp.utp_payload_pkts_out, utp.utp_invalid_pkts_in, utp.utp_redundant_pkts_in, sock_bufs.socket_send_size3, sock_bufs.socket_send_size4, sock_bufs.socket_send_size5, sock_bufs.socket_send_size6, sock_bufs.socket_send_size7, sock_bufs.socket_send_size8, sock_bufs.socket_send_size9, sock_bufs.socket_send_size10, sock_bufs.socket_send_size11, sock_bufs.socket_send_size12, sock_bufs.socket_send_size13, sock_bufs.socket_send_size14, sock_bufs.socket_send_size15, sock_bufs.socket_send_size16, sock_bufs.socket_send_size17, sock_bufs.socket_send_size18, sock_bufs.socket_send_size19, sock_bufs.socket_send_size20, sock_bufs.socket_recv_size3, sock_bufs.socket_recv_size4, sock_bufs.socket_recv_size5, sock_bufs.socket_recv_size6, sock_bufs.socket_recv_size7, sock_bufs.socket_recv_size8, sock_bufs.socket_recv_size9, sock_bufs.socket_recv_size10, sock_bufs.socket_recv_size11, sock_bufs.socket_recv_size12, sock_bufs.socket_recv_size13, sock_bufs.socket_recv_size14, sock_bufs.socket_recv_size15, sock_bufs.socket_recv_size16, sock_bufs.socket_recv_size17, sock_bufs.socket_recv_size18, sock_bufs.socket_recv_size19, sock_bufs.socket_recv_size20, ses.num_checking_torrents, ses.num_stopped_torrents, ses.num_upload_only_torrents, ses.num_downloading_torrents, ses.num_seeding_torrents, ses.num_queued_seeding_torrents, ses.num_queued_download_torrents, ses.num_error_torrents, ses.non_filter_torrents, peer.num_tcp_peers, peer.num_socks5_peers, peer.num_http_proxy_peers, peer.num_utp_peers, peer.num_i2p_peers, peer.num_ssl_peers, peer.num_ssl_socks5_peers, peer.num_ssl_http_proxy_peers, peer.num_ssl_utp_peers, peer.num_peers_half_open, peer.num_peers_connected, peer.num_peers_up_interested, peer.num_peers_down_interested, peer.num_peers_up_unchoked_all, peer.num_peers_up_unchoked_optimistic, peer.num_peers_up_unchoked, peer.num_peers_down_unchoked, peer.num_peers_up_requests, peer.num_peers_down_requests, peer.num_peers_up_disk, peer.num_peers_down_disk, peer.num_peers_end_game, disk.write_cache_blocks, disk.read_cache_blocks, disk.request_latency, disk.pinned_blocks, disk.disk_blocks_in_use, disk.queued_disk_jobs, disk.num_running_disk_jobs, disk.num_read_jobs, disk.num_write_jobs, disk.num_jobs, disk.num_writing_threads, disk.num_running_threads, disk.blocked_disk_jobs, disk.queued_write_bytes, ses.num_unchoke_slots, disk.num_fenced_read, disk.num_fenced_write, disk.num_fenced_hash, disk.num_fenced_move_storage, disk.num_fenced_release_files, disk.num_fenced_delete_files, disk.num_fenced_check_fastresume, disk.num_fenced_save_resume_data, disk.num_fenced_rename_file, disk.num_fenced_stop_torrent, disk.num_fenced_flush_piece, disk.num_fenced_flush_hashed, disk.num_fenced_flush_storage, disk.num_fenced_trim_cache, disk.num_fenced_file_priority, disk.num_fenced_load_torrent, disk.num_fenced_clear_piece, disk.num_fenced_tick_storage, disk.arc_mru_size, disk.arc_mru_ghost_size, disk.arc_mfu_size, disk.arc_mfu_ghost_size, disk.arc_write_size, disk.arc_volatile_size, dht.dht_nodes, dht.dht_node_cache, dht.dht_torrents, dht.dht_peers, dht.dht_immutable_data, dht.dht_mutable_data, dht.dht_allocated_observers, net.has_incoming_connections, net.limiter_up_queue, net.limiter_down_queue, net.limiter_up_bytes, net.limiter_down_bytes, utp.num_utp_idle, utp.num_utp_syn_sent, utp.num_utp_connected, utp.num_utp_fin_sent, utp.num_utp_close_wait, utp.num_utp_deleted
[ SESSION] ~> [log_alert]:  done starting session
[ SESSION] ~> [log_alert]: applying settings pack, init=true, reopen_listen_port=false
[ SESSION] ~> [log_alert]: update listen interfaces: 0.0.0.0:6881,[::]:6881
[ SESSION] ~> [log_alert]: parsed listen interfaces count: 2, ifaces: 0.0.0.0:6881,[::]:6881
[ SESSION] ~> [log_alert]: reopen listen sockets
[ SESSION] ~> [log_alert]: attempting to open listen socket to: 0.0.0.0:6881 on device:  flags: 0
[ SESSION] ~> [log_alert]:  listening on: 0.0.0.0 TCP port: 6881 UDP port: 6881
[ SESSION] ~> [log_alert]: attempting to open listen socket to: [::]:6881 on device:  flags: 0
[ SESSION] ~> [log_alert]:  listening on: :: TCP port: 6881 UDP port: 6881
[ STATUS] ~> [listen_succeeded_alert]: successfully listening on [TCP] 0.0.0.0:6881
[ STATUS] ~> [listen_succeeded_alert]: successfully listening on [UDP] 0.0.0.0:6881
[ STATUS] ~> [listen_succeeded_alert]: successfully listening on [TCP] [::]:6881
[ STATUS] ~> [listen_succeeded_alert]: successfully listening on [UDP] [::]:6881
[ PORM_MAPL] ~> [portmap_log_alert]: UPnP: broadcasting search for rootdevice
[ PORM_MAPL] ~> [portmap_log_alert]: UPnP: adding port map: [ protocol: tcp ext_port: 6881 local_port: 6881 ] 
[ PORM_MAPL] ~> [portmap_log_alert]: UPnP: adding port map: [ protocol: udp ext_port: 6881 local_port: 6881 ] 
[ PORM_MAPL] ~> [portmap_log_alert]: UPnP: adding port map: [ protocol: tcp ext_port: 6881 local_port: 6881 ] 
[ PORM_MAPL] ~> [portmap_log_alert]: UPnP: adding port map: [ protocol: udp ext_port: 6881 local_port: 6881 ] 
[ PORM_MAPL] ~> [portmap_log_alert]: NAT-PMP: found router at: 0.0.0.0
[ PORM_MAPL] ~> [portmap_log_alert]: NAT-PMP: ==> get public IP address
[ PORM_MAPL] ~> [portmap_log_alert]: NAT-PMP: add-mapping: proto: tcp port: 6881 local-port: 6881 action: add ttl: -14052
[ PORM_MAPL] ~> [portmap_log_alert]: NAT-PMP: update-mapping: proto: tcp port: 6881 local-port: 6881 action: add ttl: -14052
[ PORM_MAPL] ~> [portmap_log_alert]: NAT-PMP: ==> port map [ mapping: 0 action: add proto: tcp local: 6881 external: 6881 ttl: 3600 ]
[ PORM_MAPL] ~> [portmap_log_alert]: NAT-PMP: add-mapping: proto: udp port: 6881 local-port: 6881 action: add ttl: -14052
[ PORM_MAPL] ~> [portmap_log_alert]: NAT-PMP: update-mapping: proto: udp port: 6881 local-port: 6881 action: add ttl: -14052
[ PORM_MAPL] ~> [portmap_log_alert]: NAT-PMP: add-mapping: proto: tcp port: 6881 local-port: 6881 action: add ttl: -14052
[ PORM_MAPL] ~> [portmap_log_alert]: NAT-PMP: update-mapping: proto: tcp port: 6881 local-port: 6881 action: add ttl: -14052
[ PORM_MAPL] ~> [portmap_log_alert]: NAT-PMP: add-mapping: proto: udp port: 6881 local-port: 6881 action: add ttl: -14052
[ PORM_MAPL] ~> [portmap_log_alert]: NAT-PMP: update-mapping: proto: udp port: 6881 local-port: 6881 action: add ttl: -14052
[ ERROR] ~> [lsd_error_alert]: Local Service Discovery error: Can't assign requested address
[ DHT_L] ~> [dht_log_alert]: DHT tracker: starting IPv4 DHT tracker with node id: 2a189dd20dd36419946e2cbade7756c9fce4fa95
[ DHT_L] ~> [dht_log_alert]: DHT tracker: starting IPv6 DHT tracker with node id: 1b769b3d866cf8a33ab58cb0cae3d4a5bde8548e
[ DHT_L] ~> [dht_log_alert]: DHT tracker: *** new write key***
[ DHT_L] ~> [dht_log_alert]: DHT traversal: [0] NEW target: 2a189dd20dd36419946e2cba6dc2dfd6a381a412 k: 8
[ DHT_L] ~> [dht_log_alert]: DHT node: bootstrapping with 0 nodes
[ DHT_L] ~> [dht_log_alert]: DHT traversal: [0] using router nodes to initiate traversal algorithm 0 routers
[ DHT_L] ~> [dht_log_alert]: DHT traversal: [0] bootstrap done, pinging remaining nodes
[ DHT_L] ~> [dht_log_alert]: DHT traversal: [0] bootstrap DONE
[ DHT] ~> [dht_bootstrap_alert]: DHT bootstrap complete
[ DHT_L] ~> [dht_log_alert]: DHT traversal: [0] COMPLETED distance: 160 type: bootstrap
[ DHT_L] ~> [dht_log_alert]: DHT traversal: [0] NEW target: 1b769b3d866cf8a33ab58cb03f0196d72b2383b6 k: 8
[ DHT_L] ~> [dht_log_alert]: DHT node: bootstrapping with 0 nodes
[ DHT_L] ~> [dht_log_alert]: DHT traversal: [0] using router nodes to initiate traversal algorithm 0 routers
[ DHT_L] ~> [dht_log_alert]: DHT traversal: [0] bootstrap done, pinging remaining nodes
[ DHT_L] ~> [dht_log_alert]: DHT traversal: [0] bootstrap DONE
[ DHT] ~> [dht_bootstrap_alert]: DHT bootstrap complete
[ DHT_L] ~> [dht_log_alert]: DHT traversal: [0] COMPLETED distance: 160 type: bootstrap
